
----------------------------------------------
[2025-12-21 15:09:26] (Info) [GW2TacO] build ID: GW2 TacO 067.3705r
[2025-12-21 15:09:26] (Info) [GW2TacO] CommandLine: "D:\Downloads\gw2 test pack\MirrorFarm\MirrorFarm\GW2TacO_067r\GW2TacO.exe" 
[2025-12-21 15:09:26] (Err)  [GW2TacO] Failed to register gw2taco:// protocol with windows.
[2025-12-21 15:09:26] (Info) [core] Creating DirectComposition swap chain
[2025-12-21 15:09:26] (Info) [core] DirectX11 Device initialization successful.
[2025-12-21 15:09:26] (Info) [gui] Successfully loaded Skin 'UI.wbs'
[2025-12-21 15:09:26] (Err)  [xml2gui] Unknown tag: 'GW2Dialog'
[2025-12-21 15:09:26] (Err)  [GW2TacO] Failed to open trail texture!
[2025-12-21 15:09:26] (Info) [core] Successfully loaded D3DCompile from d3dcompiler_47.dll
[2025-12-21 15:09:26] (Info) [GW2TacO] Fetching URL: raw.githubusercontent.com/BoyC/GW2TacO/main/MarkerPacks.json
[2025-12-21 15:09:26] (Err)  [XML] Failed to load document: unexpected end of data
[2025-12-21 15:09:27] (Info) [GW2TacO] Fetching URL: api.guildwars2.com//v2/wvw/objectives?ids=all
[2025-12-21 15:09:27] (Info) [GW2TacO] Fetching URL: www.tekkitsworkshop.net/index.php/download
[2025-12-21 15:09:27] (Info) [GW2TacO] Fetching URL: api.guildwars2.com//v2/maps?id=1099
[2025-12-21 15:09:27] (Info) [GW2TacO] Fetching URL: www.heinze.fr/taco/?lang=en
[2025-12-21 15:09:28] (Dbg)  [GW2TacO] Taco integrity: 2000, GW2 integrity: 2000
[2025-12-21 15:09:28] (Info) [GW2TacO] gw2 window size change: 0 0 1920 1080 (1920 1080)
[2025-12-21 15:09:28] (Err)  [GW2TacO] Package ReactifEn version string not found
[2025-12-21 15:09:28] (Info) [GW2TacO] Fetching URL: www.tekkitsworkshop.net/downloads/tw_ALL_IN_ONE.taco
[2025-12-21 15:09:28] (Info) [GW2TacO] Fetching URL: api.guildwars2.com//v2/maps?id=96
[2025-12-21 15:09:29] (Info) [GW2TacO] Fetching URL: api.guildwars2.com//v2/maps?id=95
[2025-12-21 15:09:29] (Info) [GW2TacO] Fetching URL: api.guildwars2.com//v2/maps?id=968
[2025-12-21 15:09:29] (Info) [GW2TacO] Fetching URL: api.guildwars2.com//v2/maps?id=38
[2025-12-21 15:09:30] (Err)  [GW2TacO] Failed to open trail data file Data/TW/EoD/DragonsEnd/tw_eod_dragonsend_jadelanterns_toggletrail.trl
[2025-12-21 15:09:30] (Err)  [GW2TacO] Failed to open trail data file Data/TW/VoE/ShipwreckStrand\tw_voe_shipwreckstrand_underwaterexploration_toggletrail.trl
[2025-12-21 15:31:13] (Info) [core] 2 unfreed graphical resources found on exit. This is fine.

----------------------------------------------
[2025-12-21 15:31:38] (Info) [GW2TacO] build ID: GW2 TacO 067.3705r
[2025-12-21 15:31:38] (Info) [GW2TacO] CommandLine: "D:\Downloads\gw2 test pack\MirrorFarm\MirrorFarm\GW2TacO_067r\GW2TacO.exe" 
[2025-12-21 15:31:38] (Err)  [GW2TacO] Failed to register gw2taco:// protocol with windows.
[2025-12-21 15:31:38] (Info) [core] Creating DirectComposition swap chain
[2025-12-21 15:31:39] (Info) [core] DirectX11 Device initialization successful.
[2025-12-21 15:31:39] (Info) [gui] Successfully loaded Skin 'UI.wbs'
[2025-12-21 15:31:39] (Err)  [xml2gui] Unknown tag: 'GW2Dialog'
[2025-12-21 15:31:39] (Err)  [GW2TacO] Failed to open trail texture!
[2025-12-21 15:31:39] (Info) [core] Successfully loaded D3DCompile from d3dcompiler_47.dll
[2025-12-21 15:31:39] (Info) [GW2TacO] Fetching URL: raw.githubusercontent.com/BoyC/GW2TacO/main/MarkerPacks.json
[2025-12-21 15:31:39] (Err)  [XML] Failed to load document: unexpected end of data
[2025-12-21 15:31:39] (Info) [GW2TacO] Fetching URL: www.tekkitsworkshop.net/index.php/download
[2025-12-21 15:31:40] (Err)  [GW2TacO] Failed to open trail data file Data/TW/EoD/DragonsEnd/tw_eod_dragonsend_jadelanterns_toggletrail.trl
[2025-12-21 15:31:40] (Err)  [GW2TacO] Failed to open trail data file Data/TW/VoE/ShipwreckStrand\tw_voe_shipwreckstrand_underwaterexploration_toggletrail.trl
[2025-12-21 15:31:40] (Info) [GW2TacO] Fetching URL: www.heinze.fr/taco/?lang=en
[2025-12-21 15:31:40] (Err)  [GW2TacO] Package ReactifEn version string not found
[2025-12-21 15:31:41] (Info) [GW2TacO] Fetching URL: api.guildwars2.com//v2/wvw/objectives?ids=all
[2025-12-21 15:31:41] (Info) [GW2TacO] Fetching URL: api.guildwars2.com//v2/maps?id=1099
[2025-12-21 15:31:42] (Info) [GW2TacO] Fetching URL: api.guildwars2.com//v2/maps?id=96
[2025-12-21 15:31:42] (Info) [GW2TacO] Fetching URL: api.guildwars2.com//v2/maps?id=95
[2025-12-21 15:31:42] (Dbg)  [GW2TacO] Taco integrity: 2000, GW2 integrity: 2000
[2025-12-21 15:31:42] (Info) [GW2TacO] gw2 window size change: 0 0 1920 1080 (1920 1080)
[2025-12-21 15:31:43] (Info) [GW2TacO] Fetching URL: api.guildwars2.com//v2/maps?id=968
[2025-12-21 15:31:43] (Info) [GW2TacO] Fetching URL: api.guildwars2.com//v2/maps?id=38
[2025-12-21 15:31:51] (Info) [core] 2 unfreed graphical resources found on exit. This is fine.

----------------------------------------------
[2025-12-21 15:32:14] (Info) [GW2TacO] build ID: GW2 TacO 067.3705r
[2025-12-21 15:32:14] (Info) [GW2TacO] CommandLine: "D:\Downloads\gw2 test pack\MirrorFarm\MirrorFarm\GW2TacO_067r\GW2TacO.exe" 
[2025-12-21 15:32:14] (Err)  [GW2TacO] Failed to register gw2taco:// protocol with windows.
[2025-12-21 15:32:14] (Info) [core] Creating DirectComposition swap chain
[2025-12-21 15:32:14] (Info) [core] DirectX11 Device initialization successful.
[2025-12-21 15:32:15] (Info) [gui] Successfully loaded Skin 'UI.wbs'
[2025-12-21 15:32:15] (Err)  [xml2gui] Unknown tag: 'GW2Dialog'
[2025-12-21 15:32:15] (Err)  [GW2TacO] Failed to open trail texture!
[2025-12-21 15:32:15] (Info) [core] Successfully loaded D3DCompile from d3dcompiler_47.dll
[2025-12-21 15:32:15] (Info) [GW2TacO] Fetching URL: raw.githubusercontent.com/BoyC/GW2TacO/main/MarkerPacks.json
[2025-12-21 15:32:15] (Err)  [XML] Failed to load document: unexpected end of data
[2025-12-21 15:32:15] (Info) [GW2TacO] Fetching URL: www.tekkitsworkshop.net/index.php/download
[2025-12-21 15:32:15] (Err)  [GW2TacO] Failed to open zip archive POIs/test.taco
[2025-12-21 15:32:15] (Err)  [GW2TacO] Failed to open trail data file Data/TW/EoD/DragonsEnd/tw_eod_dragonsend_jadelanterns_toggletrail.trl
[2025-12-21 15:32:16] (Err)  [GW2TacO] Failed to open trail data file Data/TW/VoE/ShipwreckStrand\tw_voe_shipwreckstrand_underwaterexploration_toggletrail.trl
[2025-12-21 15:32:16] (Info) [GW2TacO] Fetching URL: www.heinze.fr/taco/?lang=en
[2025-12-21 15:32:16] (Err)  [GW2TacO] Package ReactifEn version string not found
[2025-12-21 15:32:16] (Info) [GW2TacO] Fetching URL: api.guildwars2.com//v2/wvw/objectives?ids=all
[2025-12-21 15:32:17] (Info) [GW2TacO] Fetching URL: api.guildwars2.com//v2/maps?id=1099
[2025-12-21 15:32:17] (Info) [GW2TacO] Fetching URL: api.guildwars2.com//v2/maps?id=96
[2025-12-21 15:32:17] (Dbg)  [GW2TacO] Taco integrity: 2000, GW2 integrity: 2000
[2025-12-21 15:32:17] (Info) [GW2TacO] gw2 window size change: 0 0 1920 1080 (1920 1080)
[2025-12-21 15:32:19] (Info) [GW2TacO] Fetching URL: api.guildwars2.com//v2/maps?id=95
[2025-12-21 15:32:19] (Info) [GW2TacO] Fetching URL: api.guildwars2.com//v2/maps?id=968
[2025-12-21 15:32:19] (Info) [GW2TacO] Fetching URL: api.guildwars2.com//v2/maps?id=38
[2025-12-21 15:32:25] (Info) [core] 2 unfreed graphical resources found on exit. This is fine.

----------------------------------------------
[2025-12-21 15:32:57] (Info) [GW2TacO] build ID: GW2 TacO 067.3705r
[2025-12-21 15:32:57] (Info) [GW2TacO] CommandLine: "D:\Downloads\gw2 test pack\MirrorFarm\MirrorFarm\GW2TacO_067r\GW2TacO.exe" 
[2025-12-21 15:32:57] (Err)  [GW2TacO] Failed to register gw2taco:// protocol with windows.
[2025-12-21 15:32:57] (Info) [core] Creating DirectComposition swap chain
[2025-12-21 15:32:57] (Info) [core] DirectX11 Device initialization successful.
[2025-12-21 15:32:58] (Info) [gui] Successfully loaded Skin 'UI.wbs'
[2025-12-21 15:32:58] (Err)  [xml2gui] Unknown tag: 'GW2Dialog'
[2025-12-21 15:32:58] (Err)  [GW2TacO] Failed to open trail texture!
[2025-12-21 15:32:58] (Info) [core] Successfully loaded D3DCompile from d3dcompiler_47.dll
[2025-12-21 15:32:58] (Info) [GW2TacO] Fetching URL: raw.githubusercontent.com/BoyC/GW2TacO/main/MarkerPacks.json
[2025-12-21 15:32:58] (Err)  [XML] Failed to load document: unexpected end of data
[2025-12-21 15:32:58] (Info) [GW2TacO] Fetching URL: www.tekkitsworkshop.net/index.php/download
[2025-12-21 15:32:58] (Err)  [GW2TacO] Failed to open trail data file Data/TW/EoD/DragonsEnd/tw_eod_dragonsend_jadelanterns_toggletrail.trl
[2025-12-21 15:32:58] (Info) [GW2TacO] Fetching URL: www.heinze.fr/taco/?lang=en
[2025-12-21 15:32:59] (Err)  [GW2TacO] Failed to open trail data file Data/TW/VoE/ShipwreckStrand\tw_voe_shipwreckstrand_underwaterexploration_toggletrail.trl
[2025-12-21 15:32:59] (Err)  [GW2TacO] Package ReactifEn version string not found
[2025-12-21 15:32:59] (Info) [GW2TacO] Fetching URL: api.guildwars2.com//v2/wvw/objectives?ids=all
[2025-12-21 15:33:00] (Info) [GW2TacO] Fetching URL: api.guildwars2.com//v2/maps?id=1099
[2025-12-21 15:33:00] (Info) [GW2TacO] Fetching URL: api.guildwars2.com//v2/maps?id=96
[2025-12-21 15:33:00] (Info) [GW2TacO] Fetching URL: api.guildwars2.com//v2/maps?id=95
[2025-12-21 15:33:00] (Info) [GW2TacO] Fetching URL: api.guildwars2.com//v2/maps?id=968
[2025-12-21 15:33:00] (Info) [GW2TacO] Fetching URL: api.guildwars2.com//v2/maps?id=38
[2025-12-21 15:33:00] (Dbg)  [GW2TacO] Taco integrity: 2000, GW2 integrity: 2000
[2025-12-21 15:33:00] (Info) [GW2TacO] gw2 window size change: 0 0 1920 1080 (1920 1080)
[2025-12-21 15:33:21] (Info) [core] 2 unfreed graphical resources found on exit. This is fine.

----------------------------------------------
[2025-12-21 15:33:28] (Info) [GW2TacO] build ID: GW2 TacO 067.3705r
[2025-12-21 15:33:28] (Info) [GW2TacO] CommandLine: "D:\Downloads\gw2 test pack\MirrorFarm\MirrorFarm\GW2TacO_067r\GW2TacO.exe" 
[2025-12-21 15:33:28] (Err)  [GW2TacO] Failed to register gw2taco:// protocol with windows.
[2025-12-21 15:33:28] (Info) [core] Creating DirectComposition swap chain
[2025-12-21 15:33:28] (Info) [core] DirectX11 Device initialization successful.
[2025-12-21 15:33:29] (Info) [gui] Successfully loaded Skin 'UI.wbs'
[2025-12-21 15:33:29] (Err)  [xml2gui] Unknown tag: 'GW2Dialog'
[2025-12-21 15:33:29] (Err)  [GW2TacO] Failed to open trail texture!
[2025-12-21 15:33:29] (Info) [core] Successfully loaded D3DCompile from d3dcompiler_47.dll
[2025-12-21 15:33:29] (Info) [GW2TacO] Fetching URL: raw.githubusercontent.com/BoyC/GW2TacO/main/MarkerPacks.json
[2025-12-21 15:33:29] (Info) [GW2TacO] Fetching URL: www.tekkitsworkshop.net/index.php/download
[2025-12-21 15:33:29] (Err)  [XML] Failed to load document: unexpected end of data
[2025-12-21 15:33:30] (Err)  [GW2TacO] Failed to open trail data file Data/TW/EoD/DragonsEnd/tw_eod_dragonsend_jadelanterns_toggletrail.trl
[2025-12-21 15:33:30] (Err)  [GW2TacO] Failed to open trail data file Data/TW/VoE/ShipwreckStrand\tw_voe_shipwreckstrand_underwaterexploration_toggletrail.trl
[2025-12-21 15:33:30] (Info) [GW2TacO] Fetching URL: www.heinze.fr/taco/?lang=en
[2025-12-21 15:33:30] (Err)  [GW2TacO] Package ReactifEn version string not found
[2025-12-21 15:33:31] (Info) [GW2TacO] Fetching URL: api.guildwars2.com//v2/wvw/objectives?ids=all
[2025-12-21 15:33:32] (Info) [GW2TacO] Fetching URL: api.guildwars2.com//v2/maps?id=1099
[2025-12-21 15:33:32] (Info) [GW2TacO] Fetching URL: api.guildwars2.com//v2/maps?id=96
[2025-12-21 15:33:32] (Info) [GW2TacO] Fetching URL: api.guildwars2.com//v2/maps?id=95
[2025-12-21 15:33:32] (Info) [GW2TacO] Fetching URL: api.guildwars2.com//v2/maps?id=968
[2025-12-21 15:33:32] (Dbg)  [GW2TacO] Taco integrity: 2000, GW2 integrity: 2000
[2025-12-21 15:33:32] (Info) [GW2TacO] gw2 window size change: 0 0 1920 1080 (1920 1080)
[2025-12-21 15:33:32] (Info) [GW2TacO] Fetching URL: api.guildwars2.com//v2/maps?id=38
[2025-12-21 15:34:08] (Info) [core] 2 unfreed graphical resources found on exit. This is fine.

----------------------------------------------
[2025-12-21 15:40:23] (Info) [GW2TacO] build ID: GW2 TacO 067.3705r
[2025-12-21 15:40:23] (Info) [GW2TacO] CommandLine: "D:\Downloads\gw2 test pack\MirrorFarm\MirrorFarm\GW2TacO_067r\GW2TacO.exe" 
[2025-12-21 15:40:23] (Err)  [GW2TacO] Failed to register gw2taco:// protocol with windows.
[2025-12-21 15:40:23] (Info) [core] Creating DirectComposition swap chain
[2025-12-21 15:40:24] (Info) [core] DirectX11 Device initialization successful.
[2025-12-21 15:40:24] (Info) [gui] Successfully loaded Skin 'UI.wbs'
[2025-12-21 15:40:24] (Err)  [xml2gui] Unknown tag: 'GW2Dialog'
[2025-12-21 15:40:24] (Err)  [GW2TacO] Failed to open trail texture!
[2025-12-21 15:40:24] (Info) [core] Successfully loaded D3DCompile from d3dcompiler_47.dll
[2025-12-21 15:40:24] (Info) [GW2TacO] Fetching URL: raw.githubusercontent.com/BoyC/GW2TacO/main/MarkerPacks.json
[2025-12-21 15:40:24] (Err)  [XML] Failed to load document: unexpected end of data
[2025-12-21 15:40:25] (Info) [GW2TacO] Fetching URL: www.tekkitsworkshop.net/index.php/download
[2025-12-21 15:40:25] (Err)  [GW2TacO] Failed to open trail data file Data/TW/EoD/DragonsEnd/tw_eod_dragonsend_jadelanterns_toggletrail.trl
[2025-12-21 15:40:25] (Err)  [GW2TacO] Failed to open trail data file Data/TW/VoE/ShipwreckStrand\tw_voe_shipwreckstrand_underwaterexploration_toggletrail.trl
[2025-12-21 15:40:25] (Info) [GW2TacO] Fetching URL: www.heinze.fr/taco/?lang=en
[2025-12-21 15:40:26] (Err)  [GW2TacO] Package ReactifEn version string not found
[2025-12-21 15:40:26] (Info) [GW2TacO] Fetching URL: api.guildwars2.com//v2/wvw/objectives?ids=all
[2025-12-21 15:40:26] (Info) [GW2TacO] Fetching URL: api.guildwars2.com//v2/maps?id=1099
[2025-12-21 15:40:27] (Info) [GW2TacO] Fetching URL: api.guildwars2.com//v2/maps?id=96
[2025-12-21 15:40:27] (Info) [GW2TacO] Fetching URL: api.guildwars2.com//v2/maps?id=95
[2025-12-21 15:40:27] (Dbg)  [GW2TacO] Taco integrity: 2000, GW2 integrity: 2000
[2025-12-21 15:40:27] (Info) [GW2TacO] gw2 window size change: 0 0 1920 1080 (1920 1080)
[2025-12-21 15:40:28] (Info) [GW2TacO] Fetching URL: api.guildwars2.com//v2/maps?id=968
[2025-12-21 15:40:28] (Info) [GW2TacO] Fetching URL: api.guildwars2.com//v2/maps?id=38
[2025-12-21 15:40:55] (Info) [core] 2 unfreed graphical resources found on exit. This is fine.

----------------------------------------------
[2025-12-21 15:43:42] (Info) [GW2TacO] build ID: GW2 TacO 067.3705r
[2025-12-21 15:43:42] (Info) [GW2TacO] CommandLine: "D:\Downloads\gw2 test pack\MirrorFarm\MirrorFarm\GW2TacO_067r\GW2TacO.exe" 
[2025-12-21 15:43:42] (Err)  [GW2TacO] Failed to register gw2taco:// protocol with windows.
[2025-12-21 15:43:42] (Info) [core] Creating DirectComposition swap chain
[2025-12-21 15:43:42] (Info) [core] DirectX11 Device initialization successful.
[2025-12-21 15:43:43] (Info) [gui] Successfully loaded Skin 'UI.wbs'
[2025-12-21 15:43:43] (Err)  [xml2gui] Unknown tag: 'GW2Dialog'
[2025-12-21 15:43:43] (Err)  [GW2TacO] Failed to open trail texture!
[2025-12-21 15:43:43] (Info) [core] Successfully loaded D3DCompile from d3dcompiler_47.dll
[2025-12-21 15:43:43] (Info) [GW2TacO] Fetching URL: raw.githubusercontent.com/BoyC/GW2TacO/main/MarkerPacks.json
[2025-12-21 15:43:43] (Err)  [XML] Failed to load document: unexpected end of data
[2025-12-21 15:43:43] (Info) [GW2TacO] Fetching URL: www.tekkitsworkshop.net/index.php/download
[2025-12-21 15:43:44] (Err)  [GW2TacO] Failed to open trail data file Data/TW/EoD/DragonsEnd/tw_eod_dragonsend_jadelanterns_toggletrail.trl
[2025-12-21 15:43:44] (Err)  [GW2TacO] Failed to open trail data file Data/TW/VoE/ShipwreckStrand\tw_voe_shipwreckstrand_underwaterexploration_toggletrail.trl
[2025-12-21 15:43:44] (Info) [GW2TacO] Fetching URL: www.heinze.fr/taco/?lang=en
[2025-12-21 15:43:44] (Err)  [GW2TacO] Package ReactifEn version string not found
[2025-12-21 15:43:45] (Info) [GW2TacO] Fetching URL: api.guildwars2.com//v2/wvw/objectives?ids=all
[2025-12-21 15:43:45] (Err)  [wndproc] WM_SYSKEYDOWN 18 540540929
[2025-12-21 15:43:46] (Info) [GW2TacO] Fetching URL: api.guildwars2.com//v2/maps?id=1099
[2025-12-21 15:43:46] (Info) [GW2TacO] Fetching URL: api.guildwars2.com//v2/maps?id=96
[2025-12-21 15:43:46] (Info) [GW2TacO] Fetching URL: api.guildwars2.com//v2/maps?id=95
[2025-12-21 15:43:46] (Dbg)  [GW2TacO] Taco integrity: 2000, GW2 integrity: 2000
[2025-12-21 15:43:46] (Info) [GW2TacO] gw2 window size change: 0 0 1920 1080 (1920 1080)
[2025-12-21 15:43:47] (Info) [GW2TacO] Fetching URL: api.guildwars2.com//v2/maps?id=968
[2025-12-21 15:43:47] (Info) [GW2TacO] Fetching URL: api.guildwars2.com//v2/maps?id=38
[2025-12-21 15:46:57] (Info) [core] 2 unfreed graphical resources found on exit. This is fine.

----------------------------------------------
[2025-12-21 15:47:19] (Info) [GW2TacO] build ID: GW2 TacO 067.3705r
[2025-12-21 15:47:19] (Info) [GW2TacO] CommandLine: "D:\Downloads\gw2 test pack\MirrorFarm\MirrorFarm\GW2TacO_067r\GW2TacO.exe" 
[2025-12-21 15:47:19] (Err)  [GW2TacO] Failed to register gw2taco:// protocol with windows.
[2025-12-21 15:47:19] (Info) [core] Creating DirectComposition swap chain
[2025-12-21 15:47:20] (Info) [core] DirectX11 Device initialization successful.
[2025-12-21 15:47:20] (Info) [gui] Successfully loaded Skin 'UI.wbs'
[2025-12-21 15:47:20] (Err)  [xml2gui] Unknown tag: 'GW2Dialog'
[2025-12-21 15:47:20] (Err)  [GW2TacO] Failed to open trail texture!
[2025-12-21 15:47:20] (Info) [core] Successfully loaded D3DCompile from d3dcompiler_47.dll
[2025-12-21 15:47:20] (Info) [GW2TacO] Fetching URL: raw.githubusercontent.com/BoyC/GW2TacO/main/MarkerPacks.json
[2025-12-21 15:47:20] (Err)  [XML] Failed to load document: unexpected end of data
[2025-12-21 15:47:20] (Info) [GW2TacO] Fetching URL: www.tekkitsworkshop.net/index.php/download
[2025-12-21 15:47:21] (Err)  [GW2TacO] Failed to open trail data file Data/TW/EoD/DragonsEnd/tw_eod_dragonsend_jadelanterns_toggletrail.trl
[2025-12-21 15:47:21] (Err)  [GW2TacO] Failed to open trail data file Data/TW/VoE/ShipwreckStrand\tw_voe_shipwreckstrand_underwaterexploration_toggletrail.trl
[2025-12-21 15:47:21] (Info) [GW2TacO] Fetching URL: www.heinze.fr/taco/?lang=en
[2025-12-21 15:47:22] (Err)  [GW2TacO] Package ReactifEn version string not found
[2025-12-21 15:47:22] (Info) [GW2TacO] Fetching URL: api.guildwars2.com//v2/wvw/objectives?ids=all
[2025-12-21 15:47:22] (Info) [GW2TacO] Fetching URL: api.guildwars2.com//v2/maps?id=1099
[2025-12-21 15:47:22] (Info) [GW2TacO] Fetching URL: api.guildwars2.com//v2/maps?id=96
[2025-12-21 15:47:23] (Info) [GW2TacO] Fetching URL: api.guildwars2.com//v2/maps?id=95
[2025-12-21 15:47:23] (Info) [GW2TacO] Fetching URL: api.guildwars2.com//v2/maps?id=968
[2025-12-21 15:47:23] (Info) [GW2TacO] Fetching URL: api.guildwars2.com//v2/maps?id=38
[2025-12-21 15:47:23] (Dbg)  [GW2TacO] Taco integrity: 2000, GW2 integrity: 2000
[2025-12-21 15:47:23] (Info) [GW2TacO] gw2 window size change: 0 0 1920 1080 (1920 1080)
[2025-12-21 15:47:53] (Info) [core] 2 unfreed graphical resources found on exit. This is fine.

----------------------------------------------
[2025-12-21 15:48:05] (Info) [GW2TacO] build ID: GW2 TacO 067.3705r
[2025-12-21 15:48:05] (Info) [GW2TacO] CommandLine: "D:\Downloads\gw2 test pack\MirrorFarm\MirrorFarm\GW2TacO_067r\GW2TacO.exe" 
[2025-12-21 15:48:05] (Err)  [GW2TacO] Failed to register gw2taco:// protocol with windows.
[2025-12-21 15:48:05] (Info) [core] Creating DirectComposition swap chain
[2025-12-21 15:48:05] (Info) [core] DirectX11 Device initialization successful.
[2025-12-21 15:48:06] (Info) [gui] Successfully loaded Skin 'UI.wbs'
[2025-12-21 15:48:06] (Err)  [xml2gui] Unknown tag: 'GW2Dialog'
[2025-12-21 15:48:06] (Err)  [GW2TacO] Failed to open trail texture!
[2025-12-21 15:48:06] (Info) [core] Successfully loaded D3DCompile from d3dcompiler_47.dll
[2025-12-21 15:48:06] (Info) [GW2TacO] Fetching URL: raw.githubusercontent.com/BoyC/GW2TacO/main/MarkerPacks.json
[2025-12-21 15:48:06] (Err)  [GW2TacO] Failed to open trail data file Data/ExamplePack/Trails/ExampleTrail.trl
[2025-12-21 15:48:06] (Info) [GW2TacO] Fetching URL: www.tekkitsworkshop.net/index.php/download
[2025-12-21 15:48:07] (Err)  [GW2TacO] Failed to open trail data file Data/TW/EoD/DragonsEnd/tw_eod_dragonsend_jadelanterns_toggletrail.trl
[2025-12-21 15:48:07] (Err)  [GW2TacO] Failed to open trail data file Data/TW/VoE/ShipwreckStrand\tw_voe_shipwreckstrand_underwaterexploration_toggletrail.trl
[2025-12-21 15:48:07] (Info) [GW2TacO] Fetching URL: www.heinze.fr/taco/?lang=en
[2025-12-21 15:48:07] (Err)  [GW2TacO] Package ReactifEn version string not found
[2025-12-21 15:48:08] (Info) [GW2TacO] Fetching URL: api.guildwars2.com//v2/wvw/objectives?ids=all
[2025-12-21 15:48:08] (Info) [GW2TacO] Fetching URL: api.guildwars2.com//v2/maps?id=1099
[2025-12-21 15:48:08] (Info) [GW2TacO] Fetching URL: api.guildwars2.com//v2/maps?id=96
[2025-12-21 15:48:08] (Info) [GW2TacO] Fetching URL: api.guildwars2.com//v2/maps?id=95
[2025-12-21 15:48:08] (Info) [GW2TacO] Fetching URL: api.guildwars2.com//v2/maps?id=968
[2025-12-21 15:48:09] (Info) [GW2TacO] Fetching URL: api.guildwars2.com//v2/maps?id=38
[2025-12-21 15:48:09] (Dbg)  [GW2TacO] Taco integrity: 2000, GW2 integrity: 2000
[2025-12-21 15:48:09] (Info) [GW2TacO] gw2 window size change: 0 0 1920 1080 (1920 1080)
[2025-12-21 15:48:24] (Info) [core] 2 unfreed graphical resources found on exit. This is fine.

----------------------------------------------
[2025-12-21 15:50:36] (Info) [GW2TacO] build ID: GW2 TacO 067.3705r
[2025-12-21 15:50:36] (Info) [GW2TacO] CommandLine: "D:\Downloads\gw2 test pack\MirrorFarm\MirrorFarm\GW2TacO_067r\GW2TacO.exe" 
[2025-12-21 15:50:36] (Err)  [GW2TacO] Failed to register gw2taco:// protocol with windows.
[2025-12-21 15:50:36] (Info) [core] Creating DirectComposition swap chain
[2025-12-21 15:50:37] (Info) [core] DirectX11 Device initialization successful.
[2025-12-21 15:50:37] (Info) [gui] Successfully loaded Skin 'UI.wbs'
[2025-12-21 15:50:37] (Err)  [xml2gui] Unknown tag: 'GW2Dialog'
[2025-12-21 15:50:37] (Err)  [GW2TacO] Failed to open trail texture!
[2025-12-21 15:50:37] (Info) [core] Successfully loaded D3DCompile from d3dcompiler_47.dll
[2025-12-21 15:50:37] (Info) [GW2TacO] Fetching URL: raw.githubusercontent.com/BoyC/GW2TacO/main/MarkerPacks.json
[2025-12-21 15:50:37] (Err)  [XML] Failed to load document: unexpected end of data
[2025-12-21 15:50:37] (Info) [GW2TacO] Fetching URL: www.tekkitsworkshop.net/index.php/download
[2025-12-21 15:50:38] (Err)  [GW2TacO] Failed to open trail data file Data/TW/EoD/DragonsEnd/tw_eod_dragonsend_jadelanterns_toggletrail.trl
[2025-12-21 15:50:38] (Err)  [GW2TacO] Failed to open trail data file Data/TW/VoE/ShipwreckStrand\tw_voe_shipwreckstrand_underwaterexploration_toggletrail.trl
[2025-12-21 15:50:38] (Info) [GW2TacO] Fetching URL: www.heinze.fr/taco/?lang=en
[2025-12-21 15:50:38] (Err)  [GW2TacO] Package ReactifEn version string not found
[2025-12-21 15:50:39] (Info) [GW2TacO] Fetching URL: api.guildwars2.com//v2/wvw/objectives?ids=all
[2025-12-21 15:50:39] (Info) [GW2TacO] Fetching URL: api.guildwars2.com//v2/maps?id=1099
[2025-12-21 15:50:39] (Info) [GW2TacO] Fetching URL: api.guildwars2.com//v2/maps?id=96
[2025-12-21 15:50:39] (Info) [GW2TacO] Fetching URL: api.guildwars2.com//v2/maps?id=95
[2025-12-21 15:50:40] (Info) [GW2TacO] Fetching URL: api.guildwars2.com//v2/maps?id=968
[2025-12-21 15:50:40] (Info) [GW2TacO] Fetching URL: api.guildwars2.com//v2/maps?id=38
[2025-12-21 15:50:40] (Dbg)  [GW2TacO] Taco integrity: 2000, GW2 integrity: 2000
[2025-12-21 15:50:40] (Info) [GW2TacO] gw2 window size change: 0 0 1920 1080 (1920 1080)
[2025-12-21 15:50:46] (Info) [core] 2 unfreed graphical resources found on exit. This is fine.

----------------------------------------------
[2025-12-21 15:51:19] (Info) [GW2TacO] build ID: GW2 TacO 067.3705r
[2025-12-21 15:51:19] (Info) [GW2TacO] CommandLine: "D:\Downloads\gw2 test pack\MirrorFarm\MirrorFarm\GW2TacO_067r\GW2TacO.exe" 
[2025-12-21 15:51:19] (Err)  [GW2TacO] Failed to register gw2taco:// protocol with windows.
[2025-12-21 15:51:19] (Info) [core] Creating DirectComposition swap chain
[2025-12-21 15:51:20] (Info) [core] DirectX11 Device initialization successful.
[2025-12-21 15:51:20] (Info) [gui] Successfully loaded Skin 'UI.wbs'
[2025-12-21 15:51:20] (Err)  [xml2gui] Unknown tag: 'GW2Dialog'
[2025-12-21 15:51:20] (Err)  [GW2TacO] Failed to open trail texture!
[2025-12-21 15:51:20] (Info) [core] Successfully loaded D3DCompile from d3dcompiler_47.dll
[2025-12-21 15:51:20] (Info) [GW2TacO] Fetching URL: raw.githubusercontent.com/BoyC/GW2TacO/main/MarkerPacks.json
[2025-12-21 15:51:20] (Err)  [XML] Failed to load document: unexpected end of data
[2025-12-21 15:51:20] (Info) [GW2TacO] Fetching URL: www.tekkitsworkshop.net/index.php/download
[2025-12-21 15:51:21] (Err)  [GW2TacO] Failed to open trail data file Data/TW/EoD/DragonsEnd/tw_eod_dragonsend_jadelanterns_toggletrail.trl
[2025-12-21 15:51:21] (Info) [GW2TacO] Fetching URL: www.heinze.fr/taco/?lang=en
[2025-12-21 15:51:21] (Err)  [GW2TacO] Failed to open trail data file Data/TW/VoE/ShipwreckStrand\tw_voe_shipwreckstrand_underwaterexploration_toggletrail.trl
[2025-12-21 15:51:22] (Err)  [GW2TacO] Package ReactifEn version string not found
[2025-12-21 15:51:22] (Info) [GW2TacO] Fetching URL: api.guildwars2.com//v2/wvw/objectives?ids=all
[2025-12-21 15:51:23] (Info) [GW2TacO] Fetching URL: api.guildwars2.com//v2/maps?id=1099
[2025-12-21 15:51:23] (Info) [GW2TacO] Fetching URL: api.guildwars2.com//v2/maps?id=96
[2025-12-21 15:51:23] (Info) [GW2TacO] Fetching URL: api.guildwars2.com//v2/maps?id=95
[2025-12-21 15:51:23] (Info) [GW2TacO] Fetching URL: api.guildwars2.com//v2/maps?id=968
[2025-12-21 15:51:23] (Info) [GW2TacO] Fetching URL: api.guildwars2.com//v2/maps?id=38
[2025-12-21 15:51:24] (Dbg)  [GW2TacO] Taco integrity: 2000, GW2 integrity: 2000
[2025-12-21 15:51:24] (Info) [GW2TacO] gw2 window size change: 0 0 1920 1080 (1920 1080)
[2025-12-21 15:52:10] (Info) [core] 2 unfreed graphical resources found on exit. This is fine.

----------------------------------------------
[2025-12-21 15:52:13] (Info) [GW2TacO] build ID: GW2 TacO 067.3705r
[2025-12-21 15:52:13] (Info) [GW2TacO] CommandLine: "D:\Downloads\gw2 test pack\MirrorFarm\MirrorFarm\GW2TacO_067r\GW2TacO.exe" 
[2025-12-21 15:52:13] (Err)  [GW2TacO] Failed to register gw2taco:// protocol with windows.
[2025-12-21 15:52:13] (Info) [core] Creating DirectComposition swap chain
[2025-12-21 15:52:13] (Info) [core] DirectX11 Device initialization successful.
[2025-12-21 15:52:14] (Info) [gui] Successfully loaded Skin 'UI.wbs'
[2025-12-21 15:52:14] (Err)  [xml2gui] Unknown tag: 'GW2Dialog'
[2025-12-21 15:52:14] (Err)  [GW2TacO] Failed to open trail texture!
[2025-12-21 15:52:14] (Info) [core] Successfully loaded D3DCompile from d3dcompiler_47.dll
[2025-12-21 15:52:14] (Info) [GW2TacO] Fetching URL: raw.githubusercontent.com/BoyC/GW2TacO/main/MarkerPacks.json
[2025-12-21 15:52:14] (Err)  [GW2TacO] Failed to open trail data file Data/ExamplePack/Trails/ExampleTrail.trl
[2025-12-21 15:52:14] (Info) [GW2TacO] Fetching URL: www.tekkitsworkshop.net/index.php/download
[2025-12-21 15:52:15] (Err)  [GW2TacO] Failed to open trail data file Data/TW/EoD/DragonsEnd/tw_eod_dragonsend_jadelanterns_toggletrail.trl
[2025-12-21 15:52:15] (Err)  [GW2TacO] Failed to open trail data file Data/TW/VoE/ShipwreckStrand\tw_voe_shipwreckstrand_underwaterexploration_toggletrail.trl
[2025-12-21 15:52:15] (Info) [GW2TacO] Fetching URL: www.heinze.fr/taco/?lang=en
[2025-12-21 15:52:15] (Err)  [GW2TacO] Package ReactifEn version string not found
[2025-12-21 15:52:16] (Info) [GW2TacO] Fetching URL: api.guildwars2.com//v2/wvw/objectives?ids=all
[2025-12-21 15:52:16] (Info) [GW2TacO] Fetching URL: api.guildwars2.com//v2/maps?id=1099
[2025-12-21 15:52:16] (Info) [GW2TacO] Fetching URL: api.guildwars2.com//v2/maps?id=96
[2025-12-21 15:52:16] (Info) [GW2TacO] Fetching URL: api.guildwars2.com//v2/maps?id=95
[2025-12-21 15:52:16] (Info) [GW2TacO] Fetching URL: api.guildwars2.com//v2/maps?id=968
[2025-12-21 15:52:17] (Info) [GW2TacO] Fetching URL: api.guildwars2.com//v2/maps?id=38
[2025-12-21 15:52:17] (Dbg)  [GW2TacO] Taco integrity: 2000, GW2 integrity: 2000
[2025-12-21 15:52:17] (Info) [GW2TacO] gw2 window size change: 0 0 1920 1080 (1920 1080)
[2025-12-21 15:54:36] (Info) [core] 2 unfreed graphical resources found on exit. This is fine.

----------------------------------------------
[2025-12-21 15:54:46] (Info) [GW2TacO] build ID: GW2 TacO 067.3705r
[2025-12-21 15:54:46] (Info) [GW2TacO] CommandLine: "D:\Downloads\gw2 test pack\MirrorFarm\MirrorFarm\GW2TacO_067r\GW2TacO.exe" 
[2025-12-21 15:54:46] (Err)  [GW2TacO] Failed to register gw2taco:// protocol with windows.
[2025-12-21 15:54:46] (Info) [core] Creating DirectComposition swap chain
[2025-12-21 15:54:46] (Info) [core] DirectX11 Device initialization successful.
[2025-12-21 15:54:47] (Info) [gui] Successfully loaded Skin 'UI.wbs'
[2025-12-21 15:54:47] (Err)  [xml2gui] Unknown tag: 'GW2Dialog'
[2025-12-21 15:54:47] (Err)  [GW2TacO] Failed to open trail texture!
[2025-12-21 15:54:47] (Info) [core] Successfully loaded D3DCompile from d3dcompiler_47.dll
[2025-12-21 15:54:47] (Info) [GW2TacO] Fetching URL: raw.githubusercontent.com/BoyC/GW2TacO/main/MarkerPacks.json
[2025-12-21 15:54:47] (Err)  [GW2TacO] Failed to open trail data file Data/ExamplePack/Trails/ExampleTrail.trl
[2025-12-21 15:54:47] (Info) [GW2TacO] Fetching URL: www.tekkitsworkshop.net/index.php/download
[2025-12-21 15:54:48] (Err)  [GW2TacO] Failed to open trail data file Data/TW/EoD/DragonsEnd/tw_eod_dragonsend_jadelanterns_toggletrail.trl
[2025-12-21 15:54:48] (Err)  [GW2TacO] Failed to open trail data file Data/TW/VoE/ShipwreckStrand\tw_voe_shipwreckstrand_underwaterexploration_toggletrail.trl
[2025-12-21 15:54:48] (Info) [GW2TacO] Fetching URL: www.heinze.fr/taco/?lang=en
[2025-12-21 15:54:48] (Err)  [GW2TacO] Package ReactifEn version string not found
[2025-12-21 15:54:49] (Info) [GW2TacO] Fetching URL: api.guildwars2.com//v2/wvw/objectives?ids=all
[2025-12-21 15:54:50] (Info) [GW2TacO] Fetching URL: api.guildwars2.com//v2/maps?id=1099
[2025-12-21 15:54:50] (Dbg)  [GW2TacO] Taco integrity: 2000, GW2 integrity: 2000
[2025-12-21 15:54:50] (Info) [GW2TacO] gw2 window size change: 0 0 1920 1080 (1920 1080)
[2025-12-21 15:54:50] (Info) [GW2TacO] Fetching URL: api.guildwars2.com//v2/maps?id=96
[2025-12-21 15:54:50] (Info) [GW2TacO] Fetching URL: api.guildwars2.com//v2/maps?id=95
[2025-12-21 15:54:50] (Info) [GW2TacO] Fetching URL: api.guildwars2.com//v2/maps?id=968
[2025-12-21 15:54:50] (Info) [GW2TacO] Fetching URL: api.guildwars2.com//v2/maps?id=38
[2025-12-21 15:55:24] (Info) [core] 2 unfreed graphical resources found on exit. This is fine.

----------------------------------------------
[2025-12-21 15:55:30] (Info) [GW2TacO] build ID: GW2 TacO 067.3705r
[2025-12-21 15:55:30] (Info) [GW2TacO] CommandLine: "D:\Downloads\gw2 test pack\MirrorFarm\MirrorFarm\GW2TacO_067r\GW2TacO.exe" 
[2025-12-21 15:55:30] (Err)  [GW2TacO] Failed to register gw2taco:// protocol with windows.
[2025-12-21 15:55:30] (Info) [core] Creating DirectComposition swap chain
[2025-12-21 15:55:30] (Info) [core] DirectX11 Device initialization successful.
[2025-12-21 15:55:31] (Info) [gui] Successfully loaded Skin 'UI.wbs'
[2025-12-21 15:55:31] (Err)  [xml2gui] Unknown tag: 'GW2Dialog'
[2025-12-21 15:55:31] (Err)  [GW2TacO] Failed to open trail texture!
[2025-12-21 15:55:31] (Info) [core] Successfully loaded D3DCompile from d3dcompiler_47.dll
[2025-12-21 15:55:31] (Info) [GW2TacO] Fetching URL: raw.githubusercontent.com/BoyC/GW2TacO/main/MarkerPacks.json
[2025-12-21 15:55:31] (Err)  [GW2TacO] Failed to open trail data file Data/ExamplePack/Trails/ExampleTrail.trl
[2025-12-21 15:55:31] (Info) [GW2TacO] Fetching URL: www.tekkitsworkshop.net/index.php/download
[2025-12-21 15:55:32] (Err)  [GW2TacO] Failed to open trail data file Data/TW/EoD/DragonsEnd/tw_eod_dragonsend_jadelanterns_toggletrail.trl
[2025-12-21 15:55:32] (Err)  [GW2TacO] Failed to open trail data file Data/TW/VoE/ShipwreckStrand\tw_voe_shipwreckstrand_underwaterexploration_toggletrail.trl
[2025-12-21 15:55:32] (Info) [GW2TacO] Fetching URL: www.heinze.fr/taco/?lang=en
[2025-12-21 15:55:32] (Err)  [GW2TacO] Package ReactifEn version string not found
[2025-12-21 15:55:33] (Info) [GW2TacO] Fetching URL: api.guildwars2.com//v2/wvw/objectives?ids=all
[2025-12-21 15:55:33] (Info) [GW2TacO] Fetching URL: api.guildwars2.com//v2/maps?id=1099
[2025-12-21 15:55:33] (Info) [GW2TacO] Fetching URL: api.guildwars2.com//v2/maps?id=96
[2025-12-21 15:55:33] (Info) [GW2TacO] Fetching URL: api.guildwars2.com//v2/maps?id=95
[2025-12-21 15:55:34] (Info) [GW2TacO] Fetching URL: api.guildwars2.com//v2/maps?id=968
[2025-12-21 15:55:34] (Info) [GW2TacO] Fetching URL: api.guildwars2.com//v2/maps?id=38
[2025-12-21 15:55:34] (Dbg)  [GW2TacO] Taco integrity: 2000, GW2 integrity: 2000
[2025-12-21 15:55:34] (Info) [GW2TacO] gw2 window size change: 0 0 1920 1080 (1920 1080)
[2025-12-21 15:56:19] (Info) [core] 2 unfreed graphical resources found on exit. This is fine.

----------------------------------------------
[2025-12-21 15:56:26] (Info) [GW2TacO] build ID: GW2 TacO 067.3705r
[2025-12-21 15:56:26] (Info) [GW2TacO] CommandLine: "D:\Downloads\gw2 test pack\MirrorFarm\MirrorFarm\GW2TacO_067r\GW2TacO.exe" 
[2025-12-21 15:56:26] (Err)  [GW2TacO] Failed to register gw2taco:// protocol with windows.
[2025-12-21 15:56:26] (Info) [core] Creating DirectComposition swap chain
[2025-12-21 15:56:26] (Info) [core] DirectX11 Device initialization successful.
[2025-12-21 15:56:27] (Info) [gui] Successfully loaded Skin 'UI.wbs'
[2025-12-21 15:56:27] (Err)  [xml2gui] Unknown tag: 'GW2Dialog'
[2025-12-21 15:56:27] (Err)  [GW2TacO] Failed to open trail texture!
[2025-12-21 15:56:27] (Info) [core] Successfully loaded D3DCompile from d3dcompiler_47.dll
[2025-12-21 15:56:27] (Info) [GW2TacO] Fetching URL: raw.githubusercontent.com/BoyC/GW2TacO/main/MarkerPacks.json
[2025-12-21 15:56:27] (Err)  [GW2TacO] Failed to open trail data file Data/ExamplePack/Trails/ExampleTrail.trl
[2025-12-21 15:56:27] (Info) [GW2TacO] Fetching URL: www.tekkitsworkshop.net/index.php/download
[2025-12-21 15:56:28] (Err)  [GW2TacO] Failed to open trail data file Data/TW/EoD/DragonsEnd/tw_eod_dragonsend_jadelanterns_toggletrail.trl
[2025-12-21 15:56:28] (Err)  [GW2TacO] Failed to open trail data file Data/TW/VoE/ShipwreckStrand\tw_voe_shipwreckstrand_underwaterexploration_toggletrail.trl
[2025-12-21 15:56:28] (Info) [GW2TacO] Fetching URL: www.heinze.fr/taco/?lang=en
[2025-12-21 15:56:28] (Err)  [GW2TacO] Package ReactifEn version string not found
[2025-12-21 15:56:29] (Info) [GW2TacO] Fetching URL: api.guildwars2.com//v2/wvw/objectives?ids=all
[2025-12-21 15:56:29] (Info) [GW2TacO] Fetching URL: api.guildwars2.com//v2/maps?id=1099
[2025-12-21 15:56:29] (Info) [GW2TacO] Fetching URL: api.guildwars2.com//v2/maps?id=96
[2025-12-21 15:56:29] (Info) [GW2TacO] Fetching URL: api.guildwars2.com//v2/maps?id=95
[2025-12-21 15:56:30] (Info) [GW2TacO] Fetching URL: api.guildwars2.com//v2/maps?id=968
[2025-12-21 15:56:30] (Dbg)  [GW2TacO] Taco integrity: 2000, GW2 integrity: 2000
[2025-12-21 15:56:30] (Info) [GW2TacO] gw2 window size change: 0 0 1920 1080 (1920 1080)
[2025-12-21 15:56:30] (Info) [GW2TacO] Fetching URL: api.guildwars2.com//v2/maps?id=38
[2025-12-21 16:03:55] (Err)  [GW2TacO] Failed to open zip archive Data/Wood.png
[2025-12-21 16:03:55] (Err)  [GWTacO] Failed to open image data/examplepack/markers/examplemarker.png
[2025-12-21 16:03:55] (Err)  [GWTacO] Failed to open image data/examplepack/markers/examplemarker.png
[2025-12-21 16:03:55] (Err)  [GWTacO] Failed to open image data/examplepack/markers/examplemarker.png
[2025-12-21 16:03:55] (Err)  [GWTacO] Failed to open image data/examplepack/markers/examplemarker.png
[2025-12-21 16:03:55] (Err)  [GWTacO] Failed to open image data/examplepack/markers/examplemarker.png
[2025-12-21 16:05:12] (Err)  [GWTacO] Failed to open image data/examplepack/markers/examplemarker.png
[2025-12-21 16:05:14] (Err)  [GWTacO] Failed to open image data/examplepack/markers/examplemarker.png
[2025-12-21 16:05:16] (Err)  [GWTacO] Failed to open image data/examplepack/markers/examplemarker.png
[2025-12-21 16:05:18] (Err)  [GWTacO] Failed to open image data/examplepack/markers/examplemarker.png
[2025-12-21 16:05:19] (Err)  [GWTacO] Failed to open image data/examplepack/markers/examplemarker.png
[2025-12-21 16:05:20] (Err)  [GWTacO] Failed to open image data/examplepack/markers/examplemarker.png
[2025-12-21 16:05:20] (Err)  [GWTacO] Failed to open image data/examplepack/markers/examplemarker.png
[2025-12-21 16:05:20] (Err)  [GWTacO] Failed to open image data/examplepack/markers/examplemarker.png
[2025-12-21 16:08:02] (Err)  [GWTacO] Failed to open image data/examplepack/markers/examplemarker.png
[2025-12-21 16:08:17] (Info) [core] 2 unfreed graphical resources found on exit. This is fine.

----------------------------------------------
[2025-12-21 16:51:45] (Info) [GW2TacO] build ID: GW2 TacO 067.3705r
[2025-12-21 16:51:45] (Info) [GW2TacO] CommandLine: "D:\Downloads\gw2 test pack\MirrorFarm\MirrorFarm\GW2TacO_067r\GW2TacO.exe" 
[2025-12-21 16:51:45] (Err)  [GW2TacO] Failed to register gw2taco:// protocol with windows.
[2025-12-21 16:51:45] (Info) [core] Creating DirectComposition swap chain
[2025-12-21 16:51:45] (Info) [core] DirectX11 Device initialization successful.
[2025-12-21 16:51:45] (Info) [gui] Successfully loaded Skin 'UI.wbs'
[2025-12-21 16:51:45] (Err)  [xml2gui] Unknown tag: 'GW2Dialog'
[2025-12-21 16:51:45] (Err)  [GW2TacO] Failed to open trail texture!
[2025-12-21 16:51:45] (Info) [core] Successfully loaded D3DCompile from d3dcompiler_47.dll
[2025-12-21 16:51:45] (Info) [GW2TacO] Fetching URL: raw.githubusercontent.com/BoyC/GW2TacO/main/MarkerPacks.json
[2025-12-21 16:51:45] (Err)  [GW2TacO] Failed to open trail data file Data/ExamplePack/Trails/ExampleTrail.trl
[2025-12-21 16:51:46] (Info) [GW2TacO] Fetching URL: www.tekkitsworkshop.net/index.php/download
[2025-12-21 16:51:46] (Err)  [GW2TacO] Failed to open trail data file Data/TW/EoD/DragonsEnd/tw_eod_dragonsend_jadelanterns_toggletrail.trl
[2025-12-21 16:51:46] (Err)  [GW2TacO] Failed to open trail data file Data/TW/VoE/ShipwreckStrand\tw_voe_shipwreckstrand_underwaterexploration_toggletrail.trl
[2025-12-21 16:51:47] (Info) [GW2TacO] Fetching URL: www.heinze.fr/taco/?lang=en
[2025-12-21 16:51:47] (Info) [GW2TacO] Fetching URL: api.guildwars2.com//v2/wvw/objectives?ids=all
[2025-12-21 16:51:47] (Err)  [GW2TacO] Package ReactifEn version string not found
[2025-12-21 16:51:48] (Info) [GW2TacO] Fetching URL: api.guildwars2.com//v2/maps?id=1099
[2025-12-21 16:51:48] (Info) [GW2TacO] Fetching URL: api.guildwars2.com//v2/maps?id=96
[2025-12-21 16:51:48] (Dbg)  [GW2TacO] Taco integrity: 2000, GW2 integrity: 2000
[2025-12-21 16:51:48] (Info) [GW2TacO] gw2 window size change: 0 0 1920 1080 (1920 1080)
[2025-12-21 16:51:48] (Info) [GW2TacO] Fetching URL: api.guildwars2.com//v2/maps?id=95
[2025-12-21 16:51:48] (Info) [GW2TacO] Fetching URL: api.guildwars2.com//v2/maps?id=968
[2025-12-21 16:51:49] (Info) [GW2TacO] Fetching URL: api.guildwars2.com//v2/maps?id=38
[2025-12-21 16:51:56] (Err)  [GW2TacO] Failed to open zip archive Data/Wood.png
[2025-12-21 16:51:56] (Err)  [GWTacO] Failed to open image data/examplepack/markers/mirror.png
[2025-12-21 16:51:58] (Err)  [GWTacO] Failed to open image data/examplepack/markers/mirror.png
[2025-12-21 16:51:59] (Err)  [GWTacO] Failed to open image data/examplepack/markers/mirror.png
[2025-12-21 16:51:59] (Err)  [GWTacO] Failed to open image data/examplepack/markers/mirror.png
[2025-12-21 16:52:00] (Err)  [GWTacO] Failed to open image data/examplepack/markers/mirror.png
[2025-12-21 16:52:00] (Err)  [GWTacO] Failed to open image data/examplepack/markers/mirror.png
[2025-12-21 16:54:39] (Info) [core] 2 unfreed graphical resources found on exit. This is fine.
